1.02103e+05 3.00000e+00
1.03104e+05 3.00000e+00
1.04105e+05 3.00000e+00
1.05106e+05 3.00000e+00
1.06107e+05 3.00000e+00
1.07108e+05 3.00000e+00
1.08109e+05 3.00000e+00
1.09110e+05 3.00000e+00
1.10111e+05 3.00000e+00
2.02203e+05 3.00000e+00
2.03204e+05 3.00000e+00
2.04205e+05 3.00000e+00
2.05206e+05 3.00000e+00
2.06207e+05 3.00000e+00
2.07208e+05 3.00000e+00
2.08209e+05 3.00000e+00
2.09210e+05 3.00000e+00
2.10211e+05 3.00000e+00
3.02303e+05 3.00000e+00
3.03304e+05 3.00000e+00
3.04305e+05 3.00000e+00
3.05306e+05 3.00000e+00
3.06307e+05 3.00000e+00
3.07308e+05 3.00000e+00
3.08309e+05 3.00000e+00
3.09310e+05 3.00000e+00
3.10311e+05 3.00000e+00
4.02403e+05 3.00000e+00
4.03404e+05 3.00000e+00
4.04405e+05 3.00000e+00
4.05406e+05 3.00000e+00
4.06407e+05 3.00000e+00
4.07408e+05 3.00000e+00
4.08409e+05 3.00000e+00
4.09410e+05 3.00000e+00
4.10411e+05 3.00000e+00
1.01101e+06 1.90000e+01
1.01410e+06 3.00000e+00
1.02102e+06 1.90000e+01
1.03103e+06 1.90000e+01
1.04104e+06 1.90000e+01
1.05105e+06 1.90000e+01
1.06106e+06 1.90000e+01
1.07107e+06 1.90000e+01
1.08108e+06 1.90000e+01
1.09106e+06 1.90000e+01
1.10110e+06 1.90000e+01
1.11111e+06 1.90000e+01
2.01201e+06 1.90000e+01
2.01420e+06 3.00000e+00
2.02202e+06 1.90000e+01
2.02202e+06 1.90000e+01
2.03203e+06 1.90000e+01
2.03203e+06 1.90000e+01
2.04204e+06 1.90000e+01
2.04204e+06 1.90000e+01
2.05205e+06 1.90000e+01
2.05205e+06 1.90000e+01
2.06206e+06 1.90000e+01
2.06206e+06 1.90000e+01
2.07207e+06 1.90000e+01
2.07207e+06 1.90000e+01
2.08208e+06 1.90000e+01
2.08208e+06 1.90000e+01
2.09209e+06 1.90000e+01
2.09209e+06 1.90000e+01
2.10210e+06 1.90000e+01
2.10210e+06 1.90000e+01
2.11211e+06 1.90000e+01
2.11211e+06 1.90000e+01
3.01301e+06 1.90000e+01
3.01430e+06 3.00000e+00
3.02302e+06 1.90000e+01
3.02302e+06 1.90000e+01
3.03303e+06 1.90000e+01
3.03303e+06 1.90000e+01
3.04304e+06 1.90000e+01
3.04304e+06 1.90000e+01
3.05305e+06 1.90000e+01
3.05305e+06 1.90000e+01
3.06306e+06 1.90000e+01
3.06306e+06 1.90000e+01
3.07307e+06 1.90000e+01
3.07307e+06 1.90000e+01
3.08308e+06 1.90000e+01
3.08308e+06 1.90000e+01
3.09309e+06 1.90000e+01
3.09309e+06 1.90000e+01
3.10310e+06 1.90000e+01
3.10310e+06 1.90000e+01
3.11311e+06 1.90000e+01
3.11311e+06 1.90000e+01
4.01401e+06 1.90000e+01
4.01440e+06 3.00000e+00
4.02402e+06 1.90000e+01
4.03403e+06 1.90000e+01
4.04404e+06 1.90000e+01
4.05405e+06 1.90000e+01
4.06406e+06 1.90000e+01
4.07407e+06 1.90000e+01
4.08408e+06 1.90000e+01
4.09409e+06 1.90000e+01
4.10410e+06 1.90000e+01
4.11411e+06 1.90000e+01
1.02320e+07 3.00000e+00
1.03320e+07 3.00000e+00
1.04320e+07 3.00000e+00
1.05321e+07 3.00000e+00
1.06321e+07 3.00000e+00
1.07321e+07 3.00000e+00
1.08321e+07 3.00000e+00
1.09321e+07 3.00000e+00
1.10321e+07 3.00000e+00
1.11321e+07 3.00000e+00
2.02330e+07 3.00000e+00
2.03330e+07 3.00000e+00
2.04330e+07 3.00000e+00
2.05331e+07 3.00000e+00
2.06331e+07 3.00000e+00
2.07331e+07 3.00000e+00
2.08331e+07 3.00000e+00
2.09331e+07 3.00000e+00
2.10331e+07 3.00000e+00
2.11331e+07 3.00000e+00
3.02340e+07 3.00000e+00
3.03340e+07 3.00000e+00
3.04340e+07 3.00000e+00
3.05341e+07 3.00000e+00
3.06341e+07 3.00000e+00
3.07341e+07 3.00000e+00
3.08341e+07 3.00000e+00
3.09341e+07 3.00000e+00
3.10341e+07 3.00000e+00
3.11341e+07 3.00000e+00
