1.02103e+05 1.02000e+02 1.03000e+02
1.03104e+05 1.03000e+02 1.04000e+02
1.04105e+05 1.04000e+02 1.05000e+02
1.05106e+05 1.05000e+02 1.06000e+02
1.06107e+05 1.06000e+02 1.07000e+02
1.07108e+05 1.07000e+02 1.08000e+02
1.08109e+05 1.08000e+02 1.09000e+02
1.09110e+05 1.09000e+02 1.10000e+02
1.10111e+05 1.10000e+02 1.11000e+02
2.02203e+05 2.02000e+02 2.03000e+02
2.03204e+05 2.03000e+02 2.04000e+02
2.04205e+05 2.04000e+02 2.05000e+02
2.05206e+05 2.05000e+02 2.06000e+02
2.06207e+05 2.06000e+02 2.07000e+02
2.07208e+05 2.07000e+02 2.08000e+02
2.08209e+05 2.08000e+02 2.09000e+02
2.09210e+05 2.09000e+02 2.10000e+02
2.10211e+05 2.10000e+02 2.11000e+02
3.02303e+05 3.02000e+02 3.03000e+02
3.03304e+05 3.03000e+02 3.04000e+02
3.04305e+05 3.04000e+02 3.05000e+02
3.05306e+05 3.05000e+02 3.06000e+02
3.06307e+05 3.06000e+02 3.07000e+02
3.07308e+05 3.07000e+02 3.08000e+02
3.08309e+05 3.08000e+02 3.09000e+02
3.09310e+05 3.09000e+02 3.10000e+02
3.10311e+05 3.10000e+02 3.11000e+02
4.02403e+05 4.02000e+02 4.03000e+02
4.03404e+05 4.03000e+02 4.04000e+02
4.04405e+05 4.04000e+02 4.05000e+02
4.05406e+05 4.05000e+02 4.06000e+02
4.06407e+05 4.06000e+02 4.07000e+02
4.07408e+05 4.07000e+02 4.08000e+02
4.08409e+05 4.08000e+02 4.09000e+02
4.09410e+05 4.09000e+02 4.10000e+02
4.10411e+05 4.10000e+02 4.11000e+02
1.01101e+06 1.01000e+02 1.01400e+03
1.01410e+06 1.01400e+03 1.02000e+02
1.02102e+06 1.02000e+02 1.02300e+03
1.03103e+06 1.03000e+02 1.03300e+03
1.04104e+06 1.04000e+02 1.04300e+03
1.05105e+06 1.05000e+02 1.05300e+03
1.06106e+06 1.06000e+02 1.06300e+03
1.07107e+06 1.07000e+02 1.07300e+03
1.08108e+06 1.08000e+02 1.08300e+03
1.09106e+06 1.09000e+02 1.09300e+03
1.10110e+06 1.10000e+02 1.10300e+03
1.11111e+06 1.11000e+02 1.11300e+03
2.01201e+06 2.01000e+02 2.01400e+03
2.01420e+06 2.01400e+03 2.02000e+02
2.02202e+06 2.02000e+02 2.02100e+03
2.02202e+06 2.02000e+02 2.02300e+03
2.03203e+06 2.03000e+02 2.03100e+03
2.03203e+06 2.03000e+02 2.03300e+03
2.04204e+06 2.04000e+02 2.04100e+03
2.04204e+06 2.04000e+02 2.04300e+03
2.05205e+06 2.05000e+02 2.05100e+03
2.05205e+06 2.05000e+02 2.05300e+03
2.06206e+06 2.06000e+02 2.06100e+03
2.06206e+06 2.06000e+02 2.06300e+03
2.07207e+06 2.07000e+02 2.07100e+03
2.07207e+06 2.07000e+02 2.07300e+03
2.08208e+06 2.08000e+02 2.08100e+03
2.08208e+06 2.08000e+02 2.08300e+03
2.09209e+06 2.09000e+02 2.09100e+03
2.09209e+06 2.09000e+02 2.09300e+03
2.10210e+06 2.10000e+02 2.10100e+03
2.10210e+06 2.10000e+02 2.10300e+03
2.11211e+06 2.11000e+02 2.11100e+03
2.11211e+06 2.11000e+02 2.11300e+03
3.01301e+06 3.01000e+02 3.01400e+03
3.01430e+06 3.01400e+03 3.02000e+02
3.02302e+06 3.02000e+02 3.02100e+03
3.02302e+06 3.02000e+02 3.02300e+03
3.03303e+06 3.03000e+02 3.03100e+03
3.03303e+06 3.03000e+02 3.03300e+03
3.04304e+06 3.04000e+02 3.04100e+03
3.04304e+06 3.04000e+02 3.04300e+03
3.05305e+06 3.05000e+02 3.05100e+03
3.05305e+06 3.05000e+02 3.05300e+03
3.06306e+06 3.06000e+02 3.06100e+03
3.06306e+06 3.06000e+02 3.06300e+03
3.07307e+06 3.07000e+02 3.07100e+03
3.07307e+06 3.07000e+02 3.07300e+03
3.08308e+06 3.08000e+02 3.08100e+03
3.08308e+06 3.08000e+02 3.08300e+03
3.09309e+06 3.09000e+02 3.09100e+03
3.09309e+06 3.09000e+02 3.09300e+03
3.10310e+06 3.10000e+02 3.10100e+03
3.10310e+06 3.10000e+02 3.10300e+03
3.11311e+06 3.11000e+02 3.11100e+03
3.11311e+06 3.11000e+02 3.11300e+03
4.01401e+06 4.01000e+02 4.01400e+03
4.01440e+06 4.01400e+03 4.02000e+02
4.02402e+06 4.02000e+02 4.02100e+03
4.03403e+06 4.03000e+02 4.03100e+03
4.04404e+06 4.04000e+02 4.04100e+03
4.05405e+06 4.05000e+02 4.05100e+03
4.06406e+06 4.06000e+02 4.06100e+03
4.07407e+06 4.07000e+02 4.07100e+03
4.08408e+06 4.08000e+02 4.08100e+03
4.09409e+06 4.09000e+02 4.09100e+03
4.10410e+06 4.10000e+02 4.10100e+03
4.11411e+06 4.11000e+02 4.11100e+03
1.02320e+07 1.02300e+03 2.02100e+03
1.03320e+07 1.03300e+03 2.03100e+03
1.04320e+07 1.04300e+03 2.04100e+03
1.05321e+07 1.05300e+03 2.05100e+03
1.06321e+07 1.06300e+03 2.06100e+03
1.07321e+07 1.07300e+03 2.07100e+03
1.08321e+07 1.08300e+03 2.08100e+03
1.09321e+07 1.09300e+03 2.09100e+03
1.10321e+07 1.10300e+03 2.10100e+03
1.11321e+07 1.11300e+03 2.11100e+03
2.02330e+07 2.02300e+03 3.02100e+03
2.03330e+07 2.03300e+03 3.03100e+03
2.04330e+07 2.04300e+03 3.04100e+03
2.05331e+07 2.05300e+03 3.05100e+03
2.06331e+07 2.06300e+03 3.06100e+03
2.07331e+07 2.07300e+03 3.07100e+03
2.08331e+07 2.08300e+03 3.08100e+03
2.09331e+07 2.09300e+03 3.09100e+03
2.10331e+07 2.10300e+03 3.10100e+03
2.11331e+07 2.11300e+03 3.11100e+03
3.02340e+07 3.02300e+03 4.02100e+03
3.03340e+07 3.03300e+03 4.03100e+03
3.04340e+07 3.04300e+03 4.04100e+03
3.05341e+07 3.05300e+03 4.05100e+03
3.06341e+07 3.06300e+03 4.06100e+03
3.07341e+07 3.07300e+03 4.07100e+03
3.08341e+07 3.08300e+03 4.08100e+03
3.09341e+07 3.09300e+03 4.09100e+03
3.10341e+07 3.10300e+03 4.10100e+03
3.11341e+07 3.11300e+03 4.11100e+03
