1.01000e+02 0.00000e+00 0.00000e+00
1.02000e+02 0.00000e+00 2.80000e+00
1.03000e+02 0.00000e+00 5.40000e+00
1.04000e+02 0.00000e+00 8.00000e+00
1.05000e+02 0.00000e+00 1.06000e+01
1.06000e+02 0.00000e+00 1.31500e+01
1.07000e+02 0.00000e+00 1.57000e+01
1.08000e+02 0.00000e+00 1.82500e+01
1.09000e+02 0.00000e+00 2.07500e+01
1.10000e+02 0.00000e+00 2.32500e+01
1.11000e+02 0.00000e+00 2.57500e+01
2.01000e+02 3.10000e+00 0.00000e+00
2.02000e+02 3.10000e+00 2.80000e+00
2.03000e+02 3.10000e+00 5.40000e+00
2.04000e+02 3.10000e+00 8.00000e+00
2.05000e+02 3.10000e+00 1.06000e+01
2.06000e+02 3.10000e+00 1.31500e+01
2.07000e+02 3.10000e+00 1.57000e+01
2.08000e+02 3.10000e+00 1.82500e+01
2.09000e+02 3.10000e+00 2.07500e+01
2.10000e+02 3.10000e+00 2.32500e+01
2.11000e+02 3.10000e+00 2.57500e+01
3.01000e+02 4.90000e+00 0.00000e+00
3.02000e+02 4.90000e+00 2.80000e+00
3.03000e+02 4.90000e+00 5.40000e+00
3.04000e+02 4.90000e+00 8.00000e+00
3.05000e+02 4.90000e+00 1.06000e+01
3.06000e+02 4.90000e+00 1.31500e+01
3.07000e+02 4.90000e+00 1.57000e+01
3.08000e+02 4.90000e+00 1.82500e+01
3.09000e+02 4.90000e+00 2.07500e+01
3.10000e+02 4.90000e+00 2.32500e+01
3.11000e+02 4.90000e+00 2.57500e+01
4.01000e+02 8.00000e+00 0.00000e+00
4.02000e+02 8.00000e+00 2.80000e+00
4.03000e+02 8.00000e+00 5.40000e+00
4.04000e+02 8.00000e+00 8.00000e+00
4.05000e+02 8.00000e+00 1.06000e+01
4.06000e+02 8.00000e+00 1.31500e+01
4.07000e+02 8.00000e+00 1.57000e+01
4.08000e+02 8.00000e+00 1.82500e+01
4.09000e+02 8.00000e+00 2.07500e+01
4.10000e+02 8.00000e+00 2.32500e+01
4.11000e+02 8.00000e+00 2.57500e+01
1.01400e+03 0.00000e+00 0.00000e+00
1.02300e+03 0.00000e+00 2.80000e+00
1.03300e+03 0.00000e+00 5.40000e+00
1.04300e+03 0.00000e+00 8.00000e+00
1.05300e+03 0.00000e+00 1.06000e+01
1.06300e+03 0.00000e+00 1.31500e+01
1.07300e+03 0.00000e+00 1.57000e+01
1.08300e+03 0.00000e+00 1.82500e+01
1.09300e+03 0.00000e+00 2.07500e+01
1.10300e+03 0.00000e+00 2.32500e+01
1.11300e+03 0.00000e+00 2.57500e+01
2.01400e+03 3.10000e+00 0.00000e+00
2.02100e+03 3.10000e+00 2.80000e+00
2.02300e+03 3.10000e+00 2.80000e+00
2.03100e+03 3.10000e+00 5.40000e+00
2.03300e+03 3.10000e+00 5.40000e+00
2.04100e+03 3.10000e+00 8.00000e+00
2.04300e+03 3.10000e+00 8.00000e+00
2.05100e+03 3.10000e+00 1.06000e+01
2.05300e+03 3.10000e+00 1.06000e+01
2.06100e+03 3.10000e+00 1.31500e+01
2.06300e+03 3.10000e+00 1.31500e+01
2.07100e+03 3.10000e+00 1.57000e+01
2.07300e+03 3.10000e+00 1.57000e+01
2.08100e+03 3.10000e+00 1.82500e+01
2.08300e+03 3.10000e+00 1.82500e+01
2.09100e+03 3.10000e+00 2.07500e+01
2.09300e+03 3.10000e+00 2.07500e+01
2.10100e+03 3.10000e+00 2.32500e+01
2.10300e+03 3.10000e+00 2.32500e+01
2.11100e+03 3.10000e+00 2.57500e+01
2.11300e+03 3.10000e+00 2.57500e+01
3.01400e+03 4.90000e+00 0.00000e+00
3.02100e+03 4.90000e+00 2.80000e+00
3.02300e+03 4.90000e+00 2.80000e+00
3.03100e+03 4.90000e+00 5.40000e+00
3.03300e+03 4.90000e+00 5.40000e+00
3.04100e+03 4.90000e+00 8.00000e+00
3.04300e+03 4.90000e+00 8.00000e+00
3.05100e+03 4.90000e+00 1.06000e+01
3.05300e+03 4.90000e+00 1.06000e+01
3.06100e+03 4.90000e+00 1.31500e+01
3.06300e+03 4.90000e+00 1.31500e+01
3.07100e+03 4.90000e+00 1.57000e+01
3.07300e+03 4.90000e+00 1.57000e+01
3.08100e+03 4.90000e+00 1.82500e+01
3.08300e+03 4.90000e+00 1.82500e+01
3.09100e+03 4.90000e+00 2.07500e+01
3.09300e+03 4.90000e+00 2.07500e+01
3.10100e+03 4.90000e+00 2.32500e+01
3.10300e+03 4.90000e+00 2.32500e+01
3.11100e+03 4.90000e+00 2.57500e+01
3.11300e+03 4.90000e+00 2.57500e+01
4.01400e+03 8.00000e+00 0.00000e+00
4.02100e+03 8.00000e+00 2.80000e+00
4.03100e+03 8.00000e+00 5.40000e+00
4.04100e+03 8.00000e+00 8.00000e+00
4.05100e+03 8.00000e+00 1.06000e+01
4.06100e+03 8.00000e+00 1.31500e+01
4.07100e+03 8.00000e+00 1.57000e+01
4.08100e+03 8.00000e+00 1.82500e+01
4.09100e+03 8.00000e+00 2.07500e+01
4.10100e+03 8.00000e+00 2.32500e+01
4.11100e+03 8.00000e+00 2.57500e+01
