1.01000e+02 0.00000e+00 0.00000e+00
1.02000e+02 3.99975e-03 -2.54626e-05
1.03000e+02 1.40875e-03 -5.65866e-05
1.04000e+02 -3.92490e-03 -6.18056e-05
1.05000e+02 -1.66468e-03 -5.71432e-05
1.06000e+02 3.94156e-03 -8.47492e-05
1.07000e+02 7.71056e-04 -1.22162e-04
1.08000e+02 -4.40888e-03 -1.30775e-04
1.09000e+02 5.92996e-04 -1.39639e-04
1.10000e+02 4.31594e-03 -1.89261e-04
1.11000e+02 -3.02242e-03 -2.27791e-04
2.01000e+02 0.00000e+00 0.00000e+00
2.02000e+02 4.18637e-03 -1.51593e-05
2.03000e+02 1.44995e-03 -1.82100e-05
2.04000e+02 -4.04722e-03 -1.25839e-05
2.05000e+02 -1.71361e-03 -2.68816e-06
2.06000e+02 4.10171e-03 -5.79037e-06
2.07000e+02 8.22936e-04 -1.41390e-05
2.08000e+02 -4.60978e-03 -8.06240e-06
2.09000e+02 6.20414e-04 -1.10145e-05
2.10000e+02 4.50667e-03 -1.61219e-05
2.11000e+02 -3.12976e-03 -4.81860e-06
3.01000e+02 0.00000e+00 0.00000e+00
3.02000e+02 4.18637e-03 1.51593e-05
3.03000e+02 1.44995e-03 1.82100e-05
3.04000e+02 -4.04722e-03 1.25839e-05
3.05000e+02 -1.71361e-03 2.68816e-06
3.06000e+02 4.10171e-03 5.79037e-06
3.07000e+02 8.22936e-04 1.41390e-05
3.08000e+02 -4.60978e-03 8.06240e-06
3.09000e+02 6.20414e-04 1.10145e-05
3.10000e+02 4.50667e-03 1.61219e-05
3.11000e+02 -3.12976e-03 4.81860e-06
4.01000e+02 0.00000e+00 0.00000e+00
4.02000e+02 3.99975e-03 2.54626e-05
4.03000e+02 1.40875e-03 5.65866e-05
4.04000e+02 -3.92490e-03 6.18056e-05
4.05000e+02 -1.66468e-03 5.71432e-05
4.06000e+02 3.94156e-03 8.47492e-05
4.07000e+02 7.71056e-04 1.22162e-04
4.08000e+02 -4.40888e-03 1.30775e-04
4.09000e+02 5.92996e-04 1.39639e-04
4.10000e+02 4.31594e-03 1.89261e-04
4.11000e+02 -3.02242e-03 2.27791e-04
1.01400e+03 0.00000e+00 0.00000e+00
1.02300e+03 3.99975e-03 -2.54626e-05
1.03300e+03 1.40875e-03 -5.65866e-05
1.04300e+03 -3.92490e-03 -6.18056e-05
1.05300e+03 -1.66468e-03 -5.71432e-05
1.06300e+03 3.94156e-03 -8.47492e-05
1.07300e+03 7.71056e-04 -1.22162e-04
1.08300e+03 -4.40888e-03 -1.30775e-04
1.09300e+03 5.92996e-04 -1.39639e-04
1.10300e+03 4.31594e-03 -1.89261e-04
1.11300e+03 -3.02242e-03 -2.27791e-04
2.01400e+03 0.00000e+00 0.00000e+00
2.02100e+03 4.18637e-03 -1.51593e-05
2.02300e+03 4.18637e-03 -1.51593e-05
2.03100e+03 1.44995e-03 -1.82100e-05
2.03300e+03 1.44995e-03 -1.82100e-05
2.04100e+03 -4.04722e-03 -1.25839e-05
2.04300e+03 -4.04722e-03 -1.25839e-05
2.05100e+03 -1.71361e-03 -2.68816e-06
2.05300e+03 -1.71361e-03 -2.68816e-06
2.06100e+03 4.10171e-03 -5.79037e-06
2.06300e+03 4.10171e-03 -5.79037e-06
2.07100e+03 8.22936e-04 -1.41390e-05
2.07300e+03 8.22936e-04 -1.41390e-05
2.08100e+03 -4.60978e-03 -8.06240e-06
2.08300e+03 -4.60978e-03 -8.06240e-06
2.09100e+03 6.20414e-04 -1.10145e-05
2.09300e+03 6.20414e-04 -1.10145e-05
2.10100e+03 4.50667e-03 -1.61219e-05
2.10300e+03 4.50667e-03 -1.61219e-05
2.11100e+03 -3.12976e-03 -4.81860e-06
2.11300e+03 -3.12976e-03 -4.81860e-06
3.01400e+03 0.00000e+00 0.00000e+00
3.02100e+03 4.18637e-03 1.51593e-05
3.02300e+03 4.18637e-03 1.51593e-05
3.03100e+03 1.44995e-03 1.82100e-05
3.03300e+03 1.44995e-03 1.82100e-05
3.04100e+03 -4.04722e-03 1.25839e-05
3.04300e+03 -4.04722e-03 1.25839e-05
3.05100e+03 -1.71361e-03 2.68816e-06
3.05300e+03 -1.71361e-03 2.68816e-06
3.06100e+03 4.10171e-03 5.79037e-06
3.06300e+03 4.10171e-03 5.79037e-06
3.07100e+03 8.22936e-04 1.41390e-05
3.07300e+03 8.22936e-04 1.41390e-05
3.08100e+03 -4.60978e-03 8.06240e-06
3.08300e+03 -4.60978e-03 8.06240e-06
3.09100e+03 6.20414e-04 1.10145e-05
3.09300e+03 6.20414e-04 1.10145e-05
3.10100e+03 4.50667e-03 1.61219e-05
3.10300e+03 4.50667e-03 1.61219e-05
3.11100e+03 -3.12976e-03 4.81860e-06
3.11300e+03 -3.12976e-03 4.81860e-06
4.01400e+03 0.00000e+00 0.00000e+00
4.02100e+03 3.99975e-03 2.54626e-05
4.03100e+03 1.40875e-03 5.65866e-05
4.04100e+03 -3.92490e-03 6.18056e-05
4.05100e+03 -1.66468e-03 5.71432e-05
4.06100e+03 3.94156e-03 8.47492e-05
4.07100e+03 7.71056e-04 1.22162e-04
4.08100e+03 -4.40888e-03 1.30775e-04
4.09100e+03 5.92996e-04 1.39639e-04
4.10100e+03 4.31594e-03 1.89261e-04
4.11100e+03 -3.02242e-03 2.27791e-04
