1.01000e+02 0.00000e+00 0.00000e+00
1.02000e+02 2.66359e-03 -2.06212e-06
1.03000e+02 -3.35489e-03 8.24449e-06
1.04000e+02 1.81367e-03 2.27777e-05
1.05000e+02 8.40726e-04 1.83117e-05
1.06000e+02 -2.86626e-03 4.07053e-05
1.07000e+02 4.73584e-03 4.37349e-05
1.08000e+02 -4.13525e-03 4.92370e-05
1.09000e+02 3.66098e-03 6.73480e-05
1.10000e+02 -1.88191e-03 6.97407e-05
1.11000e+02 6.59263e-04 9.01980e-05
2.01000e+02 0.00000e+00 0.00000e+00
2.02000e+02 3.13248e-03 -9.42049e-07
2.03000e+02 -3.83536e-03 9.04220e-06
2.04000e+02 2.07106e-03 1.78489e-05
2.05000e+02 9.60804e-04 3.24444e-05
2.06000e+02 -3.45389e-03 4.95961e-05
2.07000e+02 5.56190e-03 6.61272e-05
2.08000e+02 -4.97503e-03 5.62510e-05
2.09000e+02 4.29784e-03 3.06599e-05
2.10000e+02 -2.32762e-03 1.88708e-05
2.11000e+02 7.84593e-04 1.57772e-06
3.01000e+02 0.00000e+00 0.00000e+00
3.02000e+02 3.13248e-03 9.42049e-07
3.03000e+02 -3.83536e-03 -9.04220e-06
3.04000e+02 2.07106e-03 -1.78489e-05
3.05000e+02 9.60804e-04 -3.24444e-05
3.06000e+02 -3.45389e-03 -4.95961e-05
3.07000e+02 5.56190e-03 -6.61272e-05
3.08000e+02 -4.97503e-03 -5.62510e-05
3.09000e+02 4.29784e-03 -3.06599e-05
3.10000e+02 -2.32762e-03 -1.88708e-05
3.11000e+02 7.84593e-04 -1.57772e-06
4.01000e+02 0.00000e+00 0.00000e+00
4.02000e+02 2.66359e-03 2.06212e-06
4.03000e+02 -3.35489e-03 -8.24449e-06
4.04000e+02 1.81367e-03 -2.27777e-05
4.05000e+02 8.40726e-04 -1.83117e-05
4.06000e+02 -2.86626e-03 -4.07053e-05
4.07000e+02 4.73584e-03 -4.37349e-05
4.08000e+02 -4.13525e-03 -4.92370e-05
4.09000e+02 3.66098e-03 -6.73480e-05
4.10000e+02 -1.88191e-03 -6.97407e-05
4.11000e+02 6.59263e-04 -9.01980e-05
1.01400e+03 0.00000e+00 0.00000e+00
1.02300e+03 2.66359e-03 -2.06212e-06
1.03300e+03 -3.35489e-03 8.24449e-06
1.04300e+03 1.81367e-03 2.27777e-05
1.05300e+03 8.40726e-04 1.83117e-05
1.06300e+03 -2.86626e-03 4.07053e-05
1.07300e+03 4.73584e-03 4.37349e-05
1.08300e+03 -4.13525e-03 4.92370e-05
1.09300e+03 3.66098e-03 6.73480e-05
1.10300e+03 -1.88191e-03 6.97407e-05
1.11300e+03 6.59263e-04 9.01980e-05
2.01400e+03 0.00000e+00 0.00000e+00
2.02100e+03 3.13248e-03 -9.42049e-07
2.02300e+03 3.13248e-03 -9.42049e-07
2.03100e+03 -3.83536e-03 9.04220e-06
2.03300e+03 -3.83536e-03 9.04220e-06
2.04100e+03 2.07106e-03 1.78489e-05
2.04300e+03 2.07106e-03 1.78489e-05
2.05100e+03 9.60804e-04 3.24444e-05
2.05300e+03 9.60804e-04 3.24444e-05
2.06100e+03 -3.45389e-03 4.95961e-05
2.06300e+03 -3.45389e-03 4.95961e-05
2.07100e+03 5.56190e-03 6.61272e-05
2.07300e+03 5.56190e-03 6.61272e-05
2.08100e+03 -4.97503e-03 5.62510e-05
2.08300e+03 -4.97503e-03 5.62510e-05
2.09100e+03 4.29784e-03 3.06599e-05
2.09300e+03 4.29784e-03 3.06599e-05
2.10100e+03 -2.32762e-03 1.88708e-05
2.10300e+03 -2.32762e-03 1.88708e-05
2.11100e+03 7.84593e-04 1.57772e-06
2.11300e+03 7.84593e-04 1.57772e-06
3.01400e+03 0.00000e+00 0.00000e+00
3.02100e+03 3.13248e-03 9.42049e-07
3.02300e+03 3.13248e-03 9.42049e-07
3.03100e+03 -3.83536e-03 -9.04220e-06
3.03300e+03 -3.83536e-03 -9.04220e-06
3.04100e+03 2.07106e-03 -1.78489e-05
3.04300e+03 2.07106e-03 -1.78489e-05
3.05100e+03 9.60804e-04 -3.24444e-05
3.05300e+03 9.60804e-04 -3.24444e-05
3.06100e+03 -3.45389e-03 -4.95961e-05
3.06300e+03 -3.45389e-03 -4.95961e-05
3.07100e+03 5.56190e-03 -6.61272e-05
3.07300e+03 5.56190e-03 -6.61272e-05
3.08100e+03 -4.97503e-03 -5.62510e-05
3.08300e+03 -4.97503e-03 -5.62510e-05
3.09100e+03 4.29784e-03 -3.06599e-05
3.09300e+03 4.29784e-03 -3.06599e-05
3.10100e+03 -2.32762e-03 -1.88708e-05
3.10300e+03 -2.32762e-03 -1.88708e-05
3.11100e+03 7.84593e-04 -1.57772e-06
3.11300e+03 7.84593e-04 -1.57772e-06
4.01400e+03 0.00000e+00 0.00000e+00
4.02100e+03 2.66359e-03 2.06212e-06
4.03100e+03 -3.35489e-03 -8.24449e-06
4.04100e+03 1.81367e-03 -2.27777e-05
4.05100e+03 8.40726e-04 -1.83117e-05
4.06100e+03 -2.86626e-03 -4.07053e-05
4.07100e+03 4.73584e-03 -4.37349e-05
4.08100e+03 -4.13525e-03 -4.92370e-05
4.09100e+03 3.66098e-03 -6.73480e-05
4.10100e+03 -1.88191e-03 -6.97407e-05
4.11100e+03 6.59263e-04 -9.01980e-05
