1.01000e+02 0.00000e+00 0.00000e+00
1.02000e+02 -4.28201e-03 3.45383e-07
1.03000e+02 1.22321e-03 -4.61486e-07
1.04000e+02 3.76624e-03 -3.12474e-05
1.05000e+02 -3.11444e-03 -4.65708e-05
1.06000e+02 -1.42212e-03 -3.99222e-05
1.07000e+02 4.54846e-03 -6.51133e-05
1.08000e+02 -1.60489e-03 -9.25942e-05
1.09000e+02 -3.01580e-03 -9.09833e-05
1.10000e+02 4.06214e-03 -1.19974e-04
1.11000e+02 -2.00523e-03 -1.56487e-04
2.01000e+02 0.00000e+00 0.00000e+00
2.02000e+02 -4.62557e-03 2.05025e-05
2.03000e+02 1.30089e-03 2.39744e-05
2.04000e+02 3.98979e-03 2.72157e-05
2.05000e+02 -3.31531e-03 3.81448e-05
2.06000e+02 -1.53562e-03 5.13921e-05
2.07000e+02 4.87577e-03 5.42767e-05
2.08000e+02 -1.74571e-03 4.26999e-05
2.09000e+02 -3.22778e-03 3.38859e-05
2.10000e+02 4.43602e-03 3.52510e-05
2.11000e+02 -2.15220e-03 4.95057e-05
3.01000e+02 0.00000e+00 0.00000e+00
3.02000e+02 -4.62557e-03 -2.05025e-05
3.03000e+02 1.30089e-03 -2.39744e-05
3.04000e+02 3.98979e-03 -2.72157e-05
3.05000e+02 -3.31531e-03 -3.81448e-05
3.06000e+02 -1.53562e-03 -5.13921e-05
3.07000e+02 4.87577e-03 -5.42767e-05
3.08000e+02 -1.74571e-03 -4.26999e-05
3.09000e+02 -3.22778e-03 -3.38859e-05
3.10000e+02 4.43602e-03 -3.52510e-05
3.11000e+02 -2.15220e-03 -4.95057e-05
4.01000e+02 0.00000e+00 0.00000e+00
4.02000e+02 -4.28201e-03 -3.45383e-07
4.03000e+02 1.22321e-03 4.61486e-07
4.04000e+02 3.76624e-03 3.12474e-05
4.05000e+02 -3.11444e-03 4.65708e-05
4.06000e+02 -1.42212e-03 3.99222e-05
4.07000e+02 4.54846e-03 6.51133e-05
4.08000e+02 -1.60489e-03 9.25942e-05
4.09000e+02 -3.01580e-03 9.09833e-05
4.10000e+02 4.06214e-03 1.19974e-04
4.11000e+02 -2.00523e-03 1.56487e-04
1.01400e+03 0.00000e+00 0.00000e+00
1.02300e+03 -4.28201e-03 3.45383e-07
1.03300e+03 1.22321e-03 -4.61486e-07
1.04300e+03 3.76624e-03 -3.12474e-05
1.05300e+03 -3.11444e-03 -4.65708e-05
1.06300e+03 -1.42212e-03 -3.99222e-05
1.07300e+03 4.54846e-03 -6.51133e-05
1.08300e+03 -1.60489e-03 -9.25942e-05
1.09300e+03 -3.01580e-03 -9.09833e-05
1.10300e+03 4.06214e-03 -1.19974e-04
1.11300e+03 -2.00523e-03 -1.56487e-04
2.01400e+03 0.00000e+00 0.00000e+00
2.02100e+03 -4.62557e-03 2.05025e-05
2.02300e+03 -4.62557e-03 2.05025e-05
2.03100e+03 1.30089e-03 2.39744e-05
2.03300e+03 1.30089e-03 2.39744e-05
2.04100e+03 3.98979e-03 2.72157e-05
2.04300e+03 3.98979e-03 2.72157e-05
2.05100e+03 -3.31531e-03 3.81448e-05
2.05300e+03 -3.31531e-03 3.81448e-05
2.06100e+03 -1.53562e-03 5.13921e-05
2.06300e+03 -1.53562e-03 5.13921e-05
2.07100e+03 4.87577e-03 5.42767e-05
2.07300e+03 4.87577e-03 5.42767e-05
2.08100e+03 -1.74571e-03 4.26999e-05
2.08300e+03 -1.74571e-03 4.26999e-05
2.09100e+03 -3.22778e-03 3.38859e-05
2.09300e+03 -3.22778e-03 3.38859e-05
2.10100e+03 4.43602e-03 3.52510e-05
2.10300e+03 4.43602e-03 3.52510e-05
2.11100e+03 -2.15220e-03 4.95057e-05
2.11300e+03 -2.15220e-03 4.95057e-05
3.01400e+03 0.00000e+00 0.00000e+00
3.02100e+03 -4.62557e-03 -2.05025e-05
3.02300e+03 -4.62557e-03 -2.05025e-05
3.03100e+03 1.30089e-03 -2.39744e-05
3.03300e+03 1.30089e-03 -2.39744e-05
3.04100e+03 3.98979e-03 -2.72157e-05
3.04300e+03 3.98979e-03 -2.72157e-05
3.05100e+03 -3.31531e-03 -3.81448e-05
3.05300e+03 -3.31531e-03 -3.81448e-05
3.06100e+03 -1.53562e-03 -5.13921e-05
3.06300e+03 -1.53562e-03 -5.13921e-05
3.07100e+03 4.87577e-03 -5.42767e-05
3.07300e+03 4.87577e-03 -5.42767e-05
3.08100e+03 -1.74571e-03 -4.26999e-05
3.08300e+03 -1.74571e-03 -4.26999e-05
3.09100e+03 -3.22778e-03 -3.38859e-05
3.09300e+03 -3.22778e-03 -3.38859e-05
3.10100e+03 4.43602e-03 -3.52510e-05
3.10300e+03 4.43602e-03 -3.52510e-05
3.11100e+03 -2.15220e-03 -4.95057e-05
3.11300e+03 -2.15220e-03 -4.95057e-05
4.01400e+03 0.00000e+00 0.00000e+00
4.02100e+03 -4.28201e-03 -3.45383e-07
4.03100e+03 1.22321e-03 4.61486e-07
4.04100e+03 3.76624e-03 3.12474e-05
4.05100e+03 -3.11444e-03 4.65708e-05
4.06100e+03 -1.42212e-03 3.99222e-05
4.07100e+03 4.54846e-03 6.51133e-05
4.08100e+03 -1.60489e-03 9.25942e-05
4.09100e+03 -3.01580e-03 9.09833e-05
4.10100e+03 4.06214e-03 1.19974e-04
4.11100e+03 -2.00523e-03 1.56487e-04
