1.01000e+02 0.00000e+00 0.00000e+00
1.02000e+02 2.75647e-03 -1.75390e-05
1.03000e+02 -4.56758e-03 -1.44764e-05
1.04000e+02 4.93992e-03 -2.16149e-05
1.05000e+02 -3.88249e-03 -3.20071e-05
1.06000e+02 2.60064e-03 -2.78638e-05
1.07000e+02 -2.21464e-03 -3.42383e-05
1.08000e+02 1.22630e-03 -3.02592e-05
1.09000e+02 -7.91358e-04 -3.65363e-05
1.10000e+02 3.25203e-04 -3.58280e-05
1.11000e+02 -1.02359e-04 -3.97493e-05
2.01000e+02 0.00000e+00 0.00000e+00
2.02000e+02 3.42228e-03 -6.64408e-06
2.03000e+02 -5.47156e-03 -4.95196e-06
2.04000e+02 5.90733e-03 -1.49822e-06
2.05000e+02 -4.70217e-03 5.10710e-06
2.06000e+02 3.36813e-03 -9.02876e-06
2.07000e+02 -2.74338e-03 -2.22435e-05
2.08000e+02 1.57567e-03 -2.24035e-05
2.09000e+02 -9.84613e-04 -1.35541e-05
2.10000e+02 4.36809e-04 -1.10472e-05
2.11000e+02 -1.30552e-04 -7.04375e-06
3.01000e+02 0.00000e+00 0.00000e+00
3.02000e+02 3.42228e-03 6.64408e-06
3.03000e+02 -5.47156e-03 4.95196e-06
3.04000e+02 5.90733e-03 1.49822e-06
3.05000e+02 -4.70217e-03 -5.10710e-06
3.06000e+02 3.36813e-03 9.02876e-06
3.07000e+02 -2.74338e-03 2.22435e-05
3.08000e+02 1.57567e-03 2.24035e-05
3.09000e+02 -9.84613e-04 1.35541e-05
3.10000e+02 4.36809e-04 1.10472e-05
3.11000e+02 -1.30552e-04 7.04375e-06
4.01000e+02 0.00000e+00 0.00000e+00
4.02000e+02 2.75647e-03 1.75390e-05
4.03000e+02 -4.56758e-03 1.44764e-05
4.04000e+02 4.93992e-03 2.16149e-05
4.05000e+02 -3.88249e-03 3.20071e-05
4.06000e+02 2.60064e-03 2.78638e-05
4.07000e+02 -2.21464e-03 3.42383e-05
4.08000e+02 1.22630e-03 3.02592e-05
4.09000e+02 -7.91358e-04 3.65363e-05
4.10000e+02 3.25203e-04 3.58280e-05
4.11000e+02 -1.02359e-04 3.97493e-05
1.01400e+03 0.00000e+00 0.00000e+00
1.02300e+03 2.75647e-03 -1.75390e-05
1.03300e+03 -4.56758e-03 -1.44764e-05
1.04300e+03 4.93992e-03 -2.16149e-05
1.05300e+03 -3.88249e-03 -3.20071e-05
1.06300e+03 2.60064e-03 -2.78638e-05
1.07300e+03 -2.21464e-03 -3.42383e-05
1.08300e+03 1.22630e-03 -3.02592e-05
1.09300e+03 -7.91358e-04 -3.65363e-05
1.10300e+03 3.25203e-04 -3.58280e-05
1.11300e+03 -1.02359e-04 -3.97493e-05
2.01400e+03 0.00000e+00 0.00000e+00
2.02100e+03 3.42228e-03 -6.64408e-06
2.02300e+03 3.42228e-03 -6.64408e-06
2.03100e+03 -5.47156e-03 -4.95196e-06
2.03300e+03 -5.47156e-03 -4.95196e-06
2.04100e+03 5.90733e-03 -1.49822e-06
2.04300e+03 5.90733e-03 -1.49822e-06
2.05100e+03 -4.70217e-03 5.10710e-06
2.05300e+03 -4.70217e-03 5.10710e-06
2.06100e+03 3.36813e-03 -9.02876e-06
2.06300e+03 3.36813e-03 -9.02876e-06
2.07100e+03 -2.74338e-03 -2.22435e-05
2.07300e+03 -2.74338e-03 -2.22435e-05
2.08100e+03 1.57567e-03 -2.24035e-05
2.08300e+03 1.57567e-03 -2.24035e-05
2.09100e+03 -9.84613e-04 -1.35541e-05
2.09300e+03 -9.84613e-04 -1.35541e-05
2.10100e+03 4.36809e-04 -1.10472e-05
2.10300e+03 4.36809e-04 -1.10472e-05
2.11100e+03 -1.30552e-04 -7.04375e-06
2.11300e+03 -1.30552e-04 -7.04375e-06
3.01400e+03 0.00000e+00 0.00000e+00
3.02100e+03 3.42228e-03 6.64408e-06
3.02300e+03 3.42228e-03 6.64408e-06
3.03100e+03 -5.47156e-03 4.95196e-06
3.03300e+03 -5.47156e-03 4.95196e-06
3.04100e+03 5.90733e-03 1.49822e-06
3.04300e+03 5.90733e-03 1.49822e-06
3.05100e+03 -4.70217e-03 -5.10710e-06
3.05300e+03 -4.70217e-03 -5.10710e-06
3.06100e+03 3.36813e-03 9.02876e-06
3.06300e+03 3.36813e-03 9.02876e-06
3.07100e+03 -2.74338e-03 2.22435e-05
3.07300e+03 -2.74338e-03 2.22435e-05
3.08100e+03 1.57567e-03 2.24035e-05
3.08300e+03 1.57567e-03 2.24035e-05
3.09100e+03 -9.84613e-04 1.35541e-05
3.09300e+03 -9.84613e-04 1.35541e-05
3.10100e+03 4.36809e-04 1.10472e-05
3.10300e+03 4.36809e-04 1.10472e-05
3.11100e+03 -1.30552e-04 7.04375e-06
3.11300e+03 -1.30552e-04 7.04375e-06
4.01400e+03 0.00000e+00 0.00000e+00
4.02100e+03 2.75647e-03 1.75390e-05
4.03100e+03 -4.56758e-03 1.44764e-05
4.04100e+03 4.93992e-03 2.16149e-05
4.05100e+03 -3.88249e-03 3.20071e-05
4.06100e+03 2.60064e-03 2.78638e-05
4.07100e+03 -2.21464e-03 3.42383e-05
4.08100e+03 1.22630e-03 3.02592e-05
4.09100e+03 -7.91358e-04 3.65363e-05
4.10100e+03 3.25203e-04 3.58280e-05
4.11100e+03 -1.02359e-04 3.97493e-05
