1.01000e+02 0.00000e+00 0.00000e+00
1.02000e+02 -4.12739e-04 -2.20215e-05
1.03000e+02 -1.02674e-03 -3.97420e-05
1.04000e+02 -1.66055e-03 -5.43578e-05
1.05000e+02 -2.27542e-03 -6.59080e-05
1.06000e+02 -2.86911e-03 -7.70552e-05
1.07000e+02 -3.43610e-03 -8.52066e-05
1.08000e+02 -3.96604e-03 -9.06705e-05
1.09000e+02 -4.39879e-03 -9.48400e-05
1.10000e+02 -4.72312e-03 -9.68325e-05
1.11000e+02 -4.94072e-03 -9.75354e-05
2.01000e+02 0.00000e+00 0.00000e+00
2.02000e+02 -4.16658e-04 -1.01686e-05
2.03000e+02 -1.02693e-03 -1.84941e-05
2.04000e+02 -1.66060e-03 -2.47913e-05
2.05000e+02 -2.27584e-03 -2.95250e-05
2.06000e+02 -2.86958e-03 -3.29403e-05
2.07000e+02 -3.43476e-03 -3.39286e-05
2.08000e+02 -3.96694e-03 -3.36157e-05
2.09000e+02 -4.39877e-03 -3.31324e-05
2.10000e+02 -4.72375e-03 -3.24752e-05
2.11000e+02 -4.94059e-03 -3.15789e-05
3.01000e+02 0.00000e+00 0.00000e+00
3.02000e+02 -4.16658e-04 1.01686e-05
3.03000e+02 -1.02693e-03 1.84941e-05
3.04000e+02 -1.66060e-03 2.47913e-05
3.05000e+02 -2.27584e-03 2.95250e-05
3.06000e+02 -2.86958e-03 3.29403e-05
3.07000e+02 -3.43476e-03 3.39286e-05
3.08000e+02 -3.96694e-03 3.36157e-05
3.09000e+02 -4.39877e-03 3.31324e-05
3.10000e+02 -4.72375e-03 3.24752e-05
3.11000e+02 -4.94059e-03 3.15789e-05
4.01000e+02 0.00000e+00 0.00000e+00
4.02000e+02 -4.12739e-04 2.20215e-05
4.03000e+02 -1.02674e-03 3.97420e-05
4.04000e+02 -1.66055e-03 5.43578e-05
4.05000e+02 -2.27542e-03 6.59080e-05
4.06000e+02 -2.86911e-03 7.70552e-05
4.07000e+02 -3.43610e-03 8.52066e-05
4.08000e+02 -3.96604e-03 9.06705e-05
4.09000e+02 -4.39879e-03 9.48400e-05
4.10000e+02 -4.72312e-03 9.68325e-05
4.11000e+02 -4.94072e-03 9.75354e-05
1.01400e+03 0.00000e+00 0.00000e+00
1.02300e+03 -4.12739e-04 -2.20215e-05
1.03300e+03 -1.02674e-03 -3.97420e-05
1.04300e+03 -1.66055e-03 -5.43578e-05
1.05300e+03 -2.27542e-03 -6.59080e-05
1.06300e+03 -2.86911e-03 -7.70552e-05
1.07300e+03 -3.43610e-03 -8.52066e-05
1.08300e+03 -3.96604e-03 -9.06705e-05
1.09300e+03 -4.39879e-03 -9.48400e-05
1.10300e+03 -4.72312e-03 -9.68325e-05
1.11300e+03 -4.94072e-03 -9.75354e-05
2.01400e+03 0.00000e+00 0.00000e+00
2.02100e+03 -4.16658e-04 -1.01686e-05
2.02300e+03 -4.16658e-04 -1.01686e-05
2.03100e+03 -1.02693e-03 -1.84941e-05
2.03300e+03 -1.02693e-03 -1.84941e-05
2.04100e+03 -1.66060e-03 -2.47913e-05
2.04300e+03 -1.66060e-03 -2.47913e-05
2.05100e+03 -2.27584e-03 -2.95250e-05
2.05300e+03 -2.27584e-03 -2.95250e-05
2.06100e+03 -2.86958e-03 -3.29403e-05
2.06300e+03 -2.86958e-03 -3.29403e-05
2.07100e+03 -3.43476e-03 -3.39286e-05
2.07300e+03 -3.43476e-03 -3.39286e-05
2.08100e+03 -3.96694e-03 -3.36157e-05
2.08300e+03 -3.96694e-03 -3.36157e-05
2.09100e+03 -4.39877e-03 -3.31324e-05
2.09300e+03 -4.39877e-03 -3.31324e-05
2.10100e+03 -4.72375e-03 -3.24752e-05
2.10300e+03 -4.72375e-03 -3.24752e-05
2.11100e+03 -4.94059e-03 -3.15789e-05
2.11300e+03 -4.94059e-03 -3.15789e-05
3.01400e+03 0.00000e+00 0.00000e+00
3.02100e+03 -4.16658e-04 1.01686e-05
3.02300e+03 -4.16658e-04 1.01686e-05
3.03100e+03 -1.02693e-03 1.84941e-05
3.03300e+03 -1.02693e-03 1.84941e-05
3.04100e+03 -1.66060e-03 2.47913e-05
3.04300e+03 -1.66060e-03 2.47913e-05
3.05100e+03 -2.27584e-03 2.95250e-05
3.05300e+03 -2.27584e-03 2.95250e-05
3.06100e+03 -2.86958e-03 3.29403e-05
3.06300e+03 -2.86958e-03 3.29403e-05
3.07100e+03 -3.43476e-03 3.39286e-05
3.07300e+03 -3.43476e-03 3.39286e-05
3.08100e+03 -3.96694e-03 3.36157e-05
3.08300e+03 -3.96694e-03 3.36157e-05
3.09100e+03 -4.39877e-03 3.31324e-05
3.09300e+03 -4.39877e-03 3.31324e-05
3.10100e+03 -4.72375e-03 3.24752e-05
3.10300e+03 -4.72375e-03 3.24752e-05
3.11100e+03 -4.94059e-03 3.15789e-05
3.11300e+03 -4.94059e-03 3.15789e-05
4.01400e+03 0.00000e+00 0.00000e+00
4.02100e+03 -4.12739e-04 2.20215e-05
4.03100e+03 -1.02674e-03 3.97420e-05
4.04100e+03 -1.66055e-03 5.43578e-05
4.05100e+03 -2.27542e-03 6.59080e-05
4.06100e+03 -2.86911e-03 7.70552e-05
4.07100e+03 -3.43610e-03 8.52066e-05
4.08100e+03 -3.96604e-03 9.06705e-05
4.09100e+03 -4.39879e-03 9.48400e-05
4.10100e+03 -4.72312e-03 9.68325e-05
4.11100e+03 -4.94072e-03 9.75354e-05
