1.01000e+02 0.00000e+00 0.00000e+00
1.02000e+02 3.58617e-03 8.55190e-06
1.03000e+02 3.27201e-03 4.42662e-06
1.04000e+02 -1.65498e-03 1.60580e-05
1.05000e+02 -4.18301e-03 5.01441e-05
1.06000e+02 -1.55335e-04 8.97766e-05
1.07000e+02 4.34599e-03 1.01155e-04
1.08000e+02 2.11720e-03 1.04307e-04
1.09000e+02 -3.79939e-03 1.40149e-04
1.10000e+02 -3.31092e-03 1.98891e-04
1.11000e+02 3.83747e-03 2.32891e-04
2.01000e+02 0.00000e+00 0.00000e+00
2.02000e+02 3.68814e-03 -2.99209e-06
2.03000e+02 3.32128e-03 -9.92096e-07
2.04000e+02 -1.68163e-03 9.83836e-06
2.05000e+02 -4.24953e-03 3.55737e-05
2.06000e+02 -1.55890e-04 5.68357e-05
2.07000e+02 4.42045e-03 5.61596e-05
2.08000e+02 2.16236e-03 4.13463e-05
2.09000e+02 -3.86978e-03 4.53895e-05
2.10000e+02 -3.37095e-03 5.96907e-05
2.11000e+02 3.89849e-03 5.16361e-05
3.01000e+02 0.00000e+00 0.00000e+00
3.02000e+02 3.68814e-03 2.99209e-06
3.03000e+02 3.32128e-03 9.92096e-07
3.04000e+02 -1.68163e-03 -9.83836e-06
3.05000e+02 -4.24953e-03 -3.55737e-05
3.06000e+02 -1.55890e-04 -5.68357e-05
3.07000e+02 4.42045e-03 -5.61596e-05
3.08000e+02 2.16236e-03 -4.13463e-05
3.09000e+02 -3.86978e-03 -4.53895e-05
3.10000e+02 -3.37095e-03 -5.96907e-05
3.11000e+02 3.89849e-03 -5.16361e-05
4.01000e+02 0.00000e+00 0.00000e+00
4.02000e+02 3.58617e-03 -8.55190e-06
4.03000e+02 3.27201e-03 -4.42662e-06
4.04000e+02 -1.65498e-03 -1.60580e-05
4.05000e+02 -4.18301e-03 -5.01441e-05
4.06000e+02 -1.55335e-04 -8.97766e-05
4.07000e+02 4.34599e-03 -1.01155e-04
4.08000e+02 2.11720e-03 -1.04307e-04
4.09000e+02 -3.79939e-03 -1.40149e-04
4.10000e+02 -3.31092e-03 -1.98891e-04
4.11000e+02 3.83747e-03 -2.32891e-04
1.01400e+03 0.00000e+00 0.00000e+00
1.02300e+03 3.58617e-03 8.55190e-06
1.03300e+03 3.27201e-03 4.42662e-06
1.04300e+03 -1.65498e-03 1.60580e-05
1.05300e+03 -4.18301e-03 5.01441e-05
1.06300e+03 -1.55335e-04 8.97766e-05
1.07300e+03 4.34599e-03 1.01155e-04
1.08300e+03 2.11720e-03 1.04307e-04
1.09300e+03 -3.79939e-03 1.40149e-04
1.10300e+03 -3.31092e-03 1.98891e-04
1.11300e+03 3.83747e-03 2.32891e-04
2.01400e+03 0.00000e+00 0.00000e+00
2.02100e+03 3.68814e-03 -2.99209e-06
2.02300e+03 3.68814e-03 -2.99209e-06
2.03100e+03 3.32128e-03 -9.92096e-07
2.03300e+03 3.32128e-03 -9.92096e-07
2.04100e+03 -1.68163e-03 9.83836e-06
2.04300e+03 -1.68163e-03 9.83836e-06
2.05100e+03 -4.24953e-03 3.55737e-05
2.05300e+03 -4.24953e-03 3.55737e-05
2.06100e+03 -1.55890e-04 5.68357e-05
2.06300e+03 -1.55890e-04 5.68357e-05
2.07100e+03 4.42045e-03 5.61596e-05
2.07300e+03 4.42045e-03 5.61596e-05
2.08100e+03 2.16236e-03 4.13463e-05
2.08300e+03 2.16236e-03 4.13463e-05
2.09100e+03 -3.86978e-03 4.53895e-05
2.09300e+03 -3.86978e-03 4.53895e-05
2.10100e+03 -3.37095e-03 5.96907e-05
2.10300e+03 -3.37095e-03 5.96907e-05
2.11100e+03 3.89849e-03 5.16361e-05
2.11300e+03 3.89849e-03 5.16361e-05
3.01400e+03 0.00000e+00 0.00000e+00
3.02100e+03 3.68814e-03 2.99209e-06
3.02300e+03 3.68814e-03 2.99209e-06
3.03100e+03 3.32128e-03 9.92096e-07
3.03300e+03 3.32128e-03 9.92096e-07
3.04100e+03 -1.68163e-03 -9.83836e-06
3.04300e+03 -1.68163e-03 -9.83836e-06
3.05100e+03 -4.24953e-03 -3.55737e-05
3.05300e+03 -4.24953e-03 -3.55737e-05
3.06100e+03 -1.55890e-04 -5.68357e-05
3.06300e+03 -1.55890e-04 -5.68357e-05
3.07100e+03 4.42045e-03 -5.61596e-05
3.07300e+03 4.42045e-03 -5.61596e-05
3.08100e+03 2.16236e-03 -4.13463e-05
3.08300e+03 2.16236e-03 -4.13463e-05
3.09100e+03 -3.86978e-03 -4.53895e-05
3.09300e+03 -3.86978e-03 -4.53895e-05
3.10100e+03 -3.37095e-03 -5.96907e-05
3.10300e+03 -3.37095e-03 -5.96907e-05
3.11100e+03 3.89849e-03 -5.16361e-05
3.11300e+03 3.89849e-03 -5.16361e-05
4.01400e+03 0.00000e+00 0.00000e+00
4.02100e+03 3.58617e-03 -8.55190e-06
4.03100e+03 3.27201e-03 -4.42662e-06
4.04100e+03 -1.65498e-03 -1.60580e-05
4.05100e+03 -4.18301e-03 -5.01441e-05
4.06100e+03 -1.55335e-04 -8.97766e-05
4.07100e+03 4.34599e-03 -1.01155e-04
4.08100e+03 2.11720e-03 -1.04307e-04
4.09100e+03 -3.79939e-03 -1.40149e-04
4.10100e+03 -3.31092e-03 -1.98891e-04
4.11100e+03 3.83747e-03 -2.32891e-04
