1.01000e+02 0.00000e+00 0.00000e+00
1.02000e+02 -3.56223e-03 2.12703e-05
1.03000e+02 2.83345e-03 3.28749e-05
1.04000e+02 9.78519e-04 2.57270e-05
1.05000e+02 -3.72997e-03 4.52402e-05
1.06000e+02 3.25529e-03 6.02777e-05
1.07000e+02 -8.72272e-04 6.16214e-05
1.08000e+02 -2.58644e-03 9.05168e-05
1.09000e+02 4.88350e-03 9.92276e-05
1.10000e+02 -3.54008e-03 1.13821e-04
1.11000e+02 1.43107e-03 1.48173e-04
2.01000e+02 0.00000e+00 0.00000e+00
2.02000e+02 -3.99492e-03 1.54633e-05
2.03000e+02 3.10837e-03 1.50838e-05
2.04000e+02 1.06901e-03 1.78731e-05
2.05000e+02 -4.10339e-03 2.22860e-05
2.06000e+02 3.69212e-03 1.69891e-05
2.07000e+02 -9.47348e-04 8.83551e-06
2.08000e+02 -2.93636e-03 6.61527e-06
2.09000e+02 5.44593e-03 -2.32864e-06
2.10000e+02 -4.08076e-03 -1.28750e-05
2.11000e+02 1.60611e-03 -3.33779e-05
3.01000e+02 0.00000e+00 0.00000e+00
3.02000e+02 -3.99492e-03 -1.54633e-05
3.03000e+02 3.10837e-03 -1.50838e-05
3.04000e+02 1.06901e-03 -1.78731e-05
3.05000e+02 -4.10339e-03 -2.22860e-05
3.06000e+02 3.69212e-03 -1.69891e-05
3.07000e+02 -9.47348e-04 -8.83551e-06
3.08000e+02 -2.93636e-03 -6.61527e-06
3.09000e+02 5.44593e-03 2.32864e-06
3.10000e+02 -4.08076e-03 1.28750e-05
3.11000e+02 1.60611e-03 3.33779e-05
4.01000e+02 0.00000e+00 0.00000e+00
4.02000e+02 -3.56223e-03 -2.12703e-05
4.03000e+02 2.83345e-03 -3.28749e-05
4.04000e+02 9.78519e-04 -2.57270e-05
4.05000e+02 -3.72997e-03 -4.52402e-05
4.06000e+02 3.25529e-03 -6.02777e-05
4.07000e+02 -8.72272e-04 -6.16214e-05
4.08000e+02 -2.58644e-03 -9.05168e-05
4.09000e+02 4.88350e-03 -9.92276e-05
4.10000e+02 -3.54008e-03 -1.13821e-04
4.11000e+02 1.43107e-03 -1.48173e-04
1.01400e+03 0.00000e+00 0.00000e+00
1.02300e+03 -3.56223e-03 2.12703e-05
1.03300e+03 2.83345e-03 3.28749e-05
1.04300e+03 9.78519e-04 2.57270e-05
1.05300e+03 -3.72997e-03 4.52402e-05
1.06300e+03 3.25529e-03 6.02777e-05
1.07300e+03 -8.72272e-04 6.16214e-05
1.08300e+03 -2.58644e-03 9.05168e-05
1.09300e+03 4.88350e-03 9.92276e-05
1.10300e+03 -3.54008e-03 1.13821e-04
1.11300e+03 1.43107e-03 1.48173e-04
2.01400e+03 0.00000e+00 0.00000e+00
2.02100e+03 -3.99492e-03 1.54633e-05
2.02300e+03 -3.99492e-03 1.54633e-05
2.03100e+03 3.10837e-03 1.50838e-05
2.03300e+03 3.10837e-03 1.50838e-05
2.04100e+03 1.06901e-03 1.78731e-05
2.04300e+03 1.06901e-03 1.78731e-05
2.05100e+03 -4.10339e-03 2.22860e-05
2.05300e+03 -4.10339e-03 2.22860e-05
2.06100e+03 3.69212e-03 1.69891e-05
2.06300e+03 3.69212e-03 1.69891e-05
2.07100e+03 -9.47348e-04 8.83551e-06
2.07300e+03 -9.47348e-04 8.83551e-06
2.08100e+03 -2.93636e-03 6.61527e-06
2.08300e+03 -2.93636e-03 6.61527e-06
2.09100e+03 5.44593e-03 -2.32864e-06
2.09300e+03 5.44593e-03 -2.32864e-06
2.10100e+03 -4.08076e-03 -1.28750e-05
2.10300e+03 -4.08076e-03 -1.28750e-05
2.11100e+03 1.60611e-03 -3.33779e-05
2.11300e+03 1.60611e-03 -3.33779e-05
3.01400e+03 0.00000e+00 0.00000e+00
3.02100e+03 -3.99492e-03 -1.54633e-05
3.02300e+03 -3.99492e-03 -1.54633e-05
3.03100e+03 3.10837e-03 -1.50838e-05
3.03300e+03 3.10837e-03 -1.50838e-05
3.04100e+03 1.06901e-03 -1.78731e-05
3.04300e+03 1.06901e-03 -1.78731e-05
3.05100e+03 -4.10339e-03 -2.22860e-05
3.05300e+03 -4.10339e-03 -2.22860e-05
3.06100e+03 3.69212e-03 -1.69891e-05
3.06300e+03 3.69212e-03 -1.69891e-05
3.07100e+03 -9.47348e-04 -8.83551e-06
3.07300e+03 -9.47348e-04 -8.83551e-06
3.08100e+03 -2.93636e-03 -6.61527e-06
3.08300e+03 -2.93636e-03 -6.61527e-06
3.09100e+03 5.44593e-03 2.32864e-06
3.09300e+03 5.44593e-03 2.32864e-06
3.10100e+03 -4.08076e-03 1.28750e-05
3.10300e+03 -4.08076e-03 1.28750e-05
3.11100e+03 1.60611e-03 3.33779e-05
3.11300e+03 1.60611e-03 3.33779e-05
4.01400e+03 0.00000e+00 0.00000e+00
4.02100e+03 -3.56223e-03 -2.12703e-05
4.03100e+03 2.83345e-03 -3.28749e-05
4.04100e+03 9.78519e-04 -2.57270e-05
4.05100e+03 -3.72997e-03 -4.52402e-05
4.06100e+03 3.25529e-03 -6.02777e-05
4.07100e+03 -8.72272e-04 -6.16214e-05
4.08100e+03 -2.58644e-03 -9.05168e-05
4.09100e+03 4.88350e-03 -9.92276e-05
4.10100e+03 -3.54008e-03 -1.13821e-04
4.11100e+03 1.43107e-03 -1.48173e-04
