1.01000e+02 0.00000e+00 0.00000e+00
1.02000e+02 2.10474e-03 1.21285e-05
1.03000e+02 4.08051e-03 1.16166e-05
1.04000e+02 4.12944e-03 5.78870e-06
1.05000e+02 2.13067e-03 5.31898e-06
1.06000e+02 -1.10790e-03 2.26358e-05
1.07000e+02 -3.86956e-03 5.75572e-05
1.08000e+02 -4.57861e-03 1.02717e-04
1.09000e+02 -2.45173e-03 1.57390e-04
1.10000e+02 1.37135e-03 1.92200e-04
1.11000e+02 4.79854e-03 2.05961e-04
2.01000e+02 0.00000e+00 0.00000e+00
2.02000e+02 2.13074e-03 -1.25870e-06
2.03000e+02 4.08861e-03 -7.70062e-06
2.04000e+02 4.13758e-03 -2.05973e-05
2.05000e+02 2.13264e-03 -3.15911e-05
2.06000e+02 -1.11196e-03 -3.24708e-05
2.07000e+02 -3.87214e-03 -1.54713e-05
2.08000e+02 -4.59396e-03 2.21715e-05
2.09000e+02 -2.45525e-03 5.29099e-05
2.10000e+02 1.38515e-03 7.25917e-05
2.11000e+02 4.80092e-03 7.09040e-05
3.01000e+02 0.00000e+00 0.00000e+00
3.02000e+02 2.13074e-03 1.25870e-06
3.03000e+02 4.08861e-03 7.70062e-06
3.04000e+02 4.13758e-03 2.05973e-05
3.05000e+02 2.13264e-03 3.15911e-05
3.06000e+02 -1.11196e-03 3.24708e-05
3.07000e+02 -3.87214e-03 1.54713e-05
3.08000e+02 -4.59396e-03 -2.21715e-05
3.09000e+02 -2.45525e-03 -5.29099e-05
3.10000e+02 1.38515e-03 -7.25917e-05
3.11000e+02 4.80092e-03 -7.09040e-05
4.01000e+02 0.00000e+00 0.00000e+00
4.02000e+02 2.10474e-03 -1.21285e-05
4.03000e+02 4.08051e-03 -1.16166e-05
4.04000e+02 4.12944e-03 -5.78870e-06
4.05000e+02 2.13067e-03 -5.31898e-06
4.06000e+02 -1.10790e-03 -2.26358e-05
4.07000e+02 -3.86956e-03 -5.75572e-05
4.08000e+02 -4.57861e-03 -1.02717e-04
4.09000e+02 -2.45173e-03 -1.57390e-04
4.10000e+02 1.37135e-03 -1.92200e-04
4.11000e+02 4.79854e-03 -2.05961e-04
1.01400e+03 0.00000e+00 0.00000e+00
1.02300e+03 2.10474e-03 1.21285e-05
1.03300e+03 4.08051e-03 1.16166e-05
1.04300e+03 4.12944e-03 5.78870e-06
1.05300e+03 2.13067e-03 5.31898e-06
1.06300e+03 -1.10790e-03 2.26358e-05
1.07300e+03 -3.86956e-03 5.75572e-05
1.08300e+03 -4.57861e-03 1.02717e-04
1.09300e+03 -2.45173e-03 1.57390e-04
1.10300e+03 1.37135e-03 1.92200e-04
1.11300e+03 4.79854e-03 2.05961e-04
2.01400e+03 0.00000e+00 0.00000e+00
2.02100e+03 2.13074e-03 -1.25870e-06
2.02300e+03 2.13074e-03 -1.25870e-06
2.03100e+03 4.08861e-03 -7.70062e-06
2.03300e+03 4.08861e-03 -7.70062e-06
2.04100e+03 4.13758e-03 -2.05973e-05
2.04300e+03 4.13758e-03 -2.05973e-05
2.05100e+03 2.13264e-03 -3.15911e-05
2.05300e+03 2.13264e-03 -3.15911e-05
2.06100e+03 -1.11196e-03 -3.24708e-05
2.06300e+03 -1.11196e-03 -3.24708e-05
2.07100e+03 -3.87214e-03 -1.54713e-05
2.07300e+03 -3.87214e-03 -1.54713e-05
2.08100e+03 -4.59396e-03 2.21715e-05
2.08300e+03 -4.59396e-03 2.21715e-05
2.09100e+03 -2.45525e-03 5.29099e-05
2.09300e+03 -2.45525e-03 5.29099e-05
2.10100e+03 1.38515e-03 7.25917e-05
2.10300e+03 1.38515e-03 7.25917e-05
2.11100e+03 4.80092e-03 7.09040e-05
2.11300e+03 4.80092e-03 7.09040e-05
3.01400e+03 0.00000e+00 0.00000e+00
3.02100e+03 2.13074e-03 1.25870e-06
3.02300e+03 2.13074e-03 1.25870e-06
3.03100e+03 4.08861e-03 7.70062e-06
3.03300e+03 4.08861e-03 7.70062e-06
3.04100e+03 4.13758e-03 2.05973e-05
3.04300e+03 4.13758e-03 2.05973e-05
3.05100e+03 2.13264e-03 3.15911e-05
3.05300e+03 2.13264e-03 3.15911e-05
3.06100e+03 -1.11196e-03 3.24708e-05
3.06300e+03 -1.11196e-03 3.24708e-05
3.07100e+03 -3.87214e-03 1.54713e-05
3.07300e+03 -3.87214e-03 1.54713e-05
3.08100e+03 -4.59396e-03 -2.21715e-05
3.08300e+03 -4.59396e-03 -2.21715e-05
3.09100e+03 -2.45525e-03 -5.29099e-05
3.09300e+03 -2.45525e-03 -5.29099e-05
3.10100e+03 1.38515e-03 -7.25917e-05
3.10300e+03 1.38515e-03 -7.25917e-05
3.11100e+03 4.80092e-03 -7.09040e-05
3.11300e+03 4.80092e-03 -7.09040e-05
4.01400e+03 0.00000e+00 0.00000e+00
4.02100e+03 2.10474e-03 -1.21285e-05
4.03100e+03 4.08051e-03 -1.16166e-05
4.04100e+03 4.12944e-03 -5.78870e-06
4.05100e+03 2.13067e-03 -5.31898e-06
4.06100e+03 -1.10790e-03 -2.26358e-05
4.07100e+03 -3.86956e-03 -5.75572e-05
4.08100e+03 -4.57861e-03 -1.02717e-04
4.09100e+03 -2.45173e-03 -1.57390e-04
4.10100e+03 1.37135e-03 -1.92200e-04
4.11100e+03 4.79854e-03 -2.05961e-04
