1.01000e+02 0.00000e+00 0.00000e+00
1.02000e+02 -1.22570e-03 1.55577e-05
1.03000e+02 -2.80750e-03 3.77899e-05
1.04000e+02 -3.96965e-03 6.72033e-05
1.05000e+02 -4.43662e-03 1.00947e-04
1.06000e+02 -4.01740e-03 1.45187e-04
1.07000e+02 -2.68426e-03 1.84996e-04
1.08000e+02 -6.51303e-04 2.16412e-04
1.09000e+02 1.57467e-03 2.43667e-04
1.10000e+02 3.55075e-03 2.57793e-04
1.11000e+02 4.93059e-03 2.62895e-04
2.01000e+02 0.00000e+00 0.00000e+00
2.02000e+02 -1.23843e-03 7.20831e-07
2.03000e+02 -2.80897e-03 5.65910e-06
2.04000e+02 -3.97123e-03 1.77527e-05
2.05000e+02 -4.43803e-03 3.48731e-05
2.06000e+02 -4.01681e-03 5.33286e-05
2.07000e+02 -2.69022e-03 6.80448e-05
2.08000e+02 -6.49038e-04 8.26715e-05
2.09000e+02 1.57503e-03 9.18239e-05
2.10000e+02 3.55618e-03 9.55504e-05
2.11000e+02 4.92959e-03 9.27672e-05
3.01000e+02 0.00000e+00 0.00000e+00
3.02000e+02 -1.23843e-03 -7.20831e-07
3.03000e+02 -2.80897e-03 -5.65910e-06
3.04000e+02 -3.97123e-03 -1.77527e-05
3.05000e+02 -4.43803e-03 -3.48731e-05
3.06000e+02 -4.01681e-03 -5.33286e-05
3.07000e+02 -2.69022e-03 -6.80448e-05
3.08000e+02 -6.49038e-04 -8.26715e-05
3.09000e+02 1.57503e-03 -9.18239e-05
3.10000e+02 3.55618e-03 -9.55504e-05
3.11000e+02 4.92959e-03 -9.27672e-05
4.01000e+02 0.00000e+00 0.00000e+00
4.02000e+02 -1.22570e-03 -1.55577e-05
4.03000e+02 -2.80750e-03 -3.77899e-05
4.04000e+02 -3.96965e-03 -6.72033e-05
4.05000e+02 -4.43662e-03 -1.00947e-04
4.06000e+02 -4.01740e-03 -1.45187e-04
4.07000e+02 -2.68426e-03 -1.84996e-04
4.08000e+02 -6.51303e-04 -2.16412e-04
4.09000e+02 1.57467e-03 -2.43667e-04
4.10000e+02 3.55075e-03 -2.57793e-04
4.11000e+02 4.93059e-03 -2.62895e-04
1.01400e+03 0.00000e+00 0.00000e+00
1.02300e+03 -1.22570e-03 1.55577e-05
1.03300e+03 -2.80750e-03 3.77899e-05
1.04300e+03 -3.96965e-03 6.72033e-05
1.05300e+03 -4.43662e-03 1.00947e-04
1.06300e+03 -4.01740e-03 1.45187e-04
1.07300e+03 -2.68426e-03 1.84996e-04
1.08300e+03 -6.51303e-04 2.16412e-04
1.09300e+03 1.57467e-03 2.43667e-04
1.10300e+03 3.55075e-03 2.57793e-04
1.11300e+03 4.93059e-03 2.62895e-04
2.01400e+03 0.00000e+00 0.00000e+00
2.02100e+03 -1.23843e-03 7.20831e-07
2.02300e+03 -1.23843e-03 7.20831e-07
2.03100e+03 -2.80897e-03 5.65910e-06
2.03300e+03 -2.80897e-03 5.65910e-06
2.04100e+03 -3.97123e-03 1.77527e-05
2.04300e+03 -3.97123e-03 1.77527e-05
2.05100e+03 -4.43803e-03 3.48731e-05
2.05300e+03 -4.43803e-03 3.48731e-05
2.06100e+03 -4.01681e-03 5.33286e-05
2.06300e+03 -4.01681e-03 5.33286e-05
2.07100e+03 -2.69022e-03 6.80448e-05
2.07300e+03 -2.69022e-03 6.80448e-05
2.08100e+03 -6.49038e-04 8.26715e-05
2.08300e+03 -6.49038e-04 8.26715e-05
2.09100e+03 1.57503e-03 9.18239e-05
2.09300e+03 1.57503e-03 9.18239e-05
2.10100e+03 3.55618e-03 9.55504e-05
2.10300e+03 3.55618e-03 9.55504e-05
2.11100e+03 4.92959e-03 9.27672e-05
2.11300e+03 4.92959e-03 9.27672e-05
3.01400e+03 0.00000e+00 0.00000e+00
3.02100e+03 -1.23843e-03 -7.20831e-07
3.02300e+03 -1.23843e-03 -7.20831e-07
3.03100e+03 -2.80897e-03 -5.65910e-06
3.03300e+03 -2.80897e-03 -5.65910e-06
3.04100e+03 -3.97123e-03 -1.77527e-05
3.04300e+03 -3.97123e-03 -1.77527e-05
3.05100e+03 -4.43803e-03 -3.48731e-05
3.05300e+03 -4.43803e-03 -3.48731e-05
3.06100e+03 -4.01681e-03 -5.33286e-05
3.06300e+03 -4.01681e-03 -5.33286e-05
3.07100e+03 -2.69022e-03 -6.80448e-05
3.07300e+03 -2.69022e-03 -6.80448e-05
3.08100e+03 -6.49038e-04 -8.26715e-05
3.08300e+03 -6.49038e-04 -8.26715e-05
3.09100e+03 1.57503e-03 -9.18239e-05
3.09300e+03 1.57503e-03 -9.18239e-05
3.10100e+03 3.55618e-03 -9.55504e-05
3.10300e+03 3.55618e-03 -9.55504e-05
3.11100e+03 4.92959e-03 -9.27672e-05
3.11300e+03 4.92959e-03 -9.27672e-05
4.01400e+03 0.00000e+00 0.00000e+00
4.02100e+03 -1.22570e-03 -1.55577e-05
4.03100e+03 -2.80750e-03 -3.77899e-05
4.04100e+03 -3.96965e-03 -6.72033e-05
4.05100e+03 -4.43662e-03 -1.00947e-04
4.06100e+03 -4.01740e-03 -1.45187e-04
4.07100e+03 -2.68426e-03 -1.84996e-04
4.08100e+03 -6.51303e-04 -2.16412e-04
4.09100e+03 1.57467e-03 -2.43667e-04
4.10100e+03 3.55075e-03 -2.57793e-04
4.11100e+03 4.93059e-03 -2.62895e-04
