1.01000e+02 0.00000e+00 0.00000e+00
1.02000e+02 -3.03257e-03 2.75970e-05
1.03000e+02 -4.51790e-03 6.75492e-05
1.04000e+02 -2.02418e-03 1.04917e-04
1.05000e+02 2.28025e-03 1.23524e-04
1.06000e+02 4.31549e-03 1.24415e-04
1.07000e+02 1.76756e-03 1.26953e-04
1.08000e+02 -2.89899e-03 1.50746e-04
1.09000e+02 -4.43206e-03 2.05342e-04
1.10000e+02 -9.98475e-04 2.53817e-04
1.11000e+02 4.19809e-03 2.76070e-04
2.01000e+02 0.00000e+00 0.00000e+00
2.02000e+02 -3.08476e-03 1.27853e-05
2.03000e+02 -4.54429e-03 2.71702e-05
2.04000e+02 -2.03605e-03 4.13137e-05
2.05000e+02 2.29655e-03 4.28549e-05
2.06000e+02 4.34242e-03 3.33665e-05
2.07000e+02 1.79441e-03 2.68984e-05
2.08000e+02 -2.93125e-03 3.93474e-05
2.09000e+02 -4.45962e-03 6.12142e-05
2.10000e+02 -9.92974e-04 8.30163e-05
2.11000e+02 4.21707e-03 7.97371e-05
3.01000e+02 0.00000e+00 0.00000e+00
3.02000e+02 -3.08476e-03 -1.27853e-05
3.03000e+02 -4.54429e-03 -2.71702e-05
3.04000e+02 -2.03605e-03 -4.13137e-05
3.05000e+02 2.29655e-03 -4.28549e-05
3.06000e+02 4.34242e-03 -3.33665e-05
3.07000e+02 1.79441e-03 -2.68984e-05
3.08000e+02 -2.93125e-03 -3.93474e-05
3.09000e+02 -4.45962e-03 -6.12142e-05
3.10000e+02 -9.92974e-04 -8.30163e-05
3.11000e+02 4.21707e-03 -7.97371e-05
4.01000e+02 0.00000e+00 0.00000e+00
4.02000e+02 -3.03257e-03 -2.75970e-05
4.03000e+02 -4.51790e-03 -6.75492e-05
4.04000e+02 -2.02418e-03 -1.04917e-04
4.05000e+02 2.28025e-03 -1.23524e-04
4.06000e+02 4.31549e-03 -1.24415e-04
4.07000e+02 1.76756e-03 -1.26953e-04
4.08000e+02 -2.89899e-03 -1.50746e-04
4.09000e+02 -4.43206e-03 -2.05342e-04
4.10000e+02 -9.98475e-04 -2.53817e-04
4.11000e+02 4.19809e-03 -2.76070e-04
1.01400e+03 0.00000e+00 0.00000e+00
1.02300e+03 -3.03257e-03 2.75970e-05
1.03300e+03 -4.51790e-03 6.75492e-05
1.04300e+03 -2.02418e-03 1.04917e-04
1.05300e+03 2.28025e-03 1.23524e-04
1.06300e+03 4.31549e-03 1.24415e-04
1.07300e+03 1.76756e-03 1.26953e-04
1.08300e+03 -2.89899e-03 1.50746e-04
1.09300e+03 -4.43206e-03 2.05342e-04
1.10300e+03 -9.98475e-04 2.53817e-04
1.11300e+03 4.19809e-03 2.76070e-04
2.01400e+03 0.00000e+00 0.00000e+00
2.02100e+03 -3.08476e-03 1.27853e-05
2.02300e+03 -3.08476e-03 1.27853e-05
2.03100e+03 -4.54429e-03 2.71702e-05
2.03300e+03 -4.54429e-03 2.71702e-05
2.04100e+03 -2.03605e-03 4.13137e-05
2.04300e+03 -2.03605e-03 4.13137e-05
2.05100e+03 2.29655e-03 4.28549e-05
2.05300e+03 2.29655e-03 4.28549e-05
2.06100e+03 4.34242e-03 3.33665e-05
2.06300e+03 4.34242e-03 3.33665e-05
2.07100e+03 1.79441e-03 2.68984e-05
2.07300e+03 1.79441e-03 2.68984e-05
2.08100e+03 -2.93125e-03 3.93474e-05
2.08300e+03 -2.93125e-03 3.93474e-05
2.09100e+03 -4.45962e-03 6.12142e-05
2.09300e+03 -4.45962e-03 6.12142e-05
2.10100e+03 -9.92974e-04 8.30163e-05
2.10300e+03 -9.92974e-04 8.30163e-05
2.11100e+03 4.21707e-03 7.97371e-05
2.11300e+03 4.21707e-03 7.97371e-05
3.01400e+03 0.00000e+00 0.00000e+00
3.02100e+03 -3.08476e-03 -1.27853e-05
3.02300e+03 -3.08476e-03 -1.27853e-05
3.03100e+03 -4.54429e-03 -2.71702e-05
3.03300e+03 -4.54429e-03 -2.71702e-05
3.04100e+03 -2.03605e-03 -4.13137e-05
3.04300e+03 -2.03605e-03 -4.13137e-05
3.05100e+03 2.29655e-03 -4.28549e-05
3.05300e+03 2.29655e-03 -4.28549e-05
3.06100e+03 4.34242e-03 -3.33665e-05
3.06300e+03 4.34242e-03 -3.33665e-05
3.07100e+03 1.79441e-03 -2.68984e-05
3.07300e+03 1.79441e-03 -2.68984e-05
3.08100e+03 -2.93125e-03 -3.93474e-05
3.08300e+03 -2.93125e-03 -3.93474e-05
3.09100e+03 -4.45962e-03 -6.12142e-05
3.09300e+03 -4.45962e-03 -6.12142e-05
3.10100e+03 -9.92974e-04 -8.30163e-05
3.10300e+03 -9.92974e-04 -8.30163e-05
3.11100e+03 4.21707e-03 -7.97371e-05
3.11300e+03 4.21707e-03 -7.97371e-05
4.01400e+03 0.00000e+00 0.00000e+00
4.02100e+03 -3.03257e-03 -2.75970e-05
4.03100e+03 -4.51790e-03 -6.75492e-05
4.04100e+03 -2.02418e-03 -1.04917e-04
4.05100e+03 2.28025e-03 -1.23524e-04
4.06100e+03 4.31549e-03 -1.24415e-04
4.07100e+03 1.76756e-03 -1.26953e-04
4.08100e+03 -2.89899e-03 -1.50746e-04
4.09100e+03 -4.43206e-03 -2.05342e-04
4.10100e+03 -9.98475e-04 -2.53817e-04
4.11100e+03 4.19809e-03 -2.76070e-04
